<?xml version="1.0" encoding="UTF-8"?>
<!-- Generated by org.testng.reporters.JUnitReportReporter -->
<testsuite hostname="DESKTOP-EMUU5D0" failures="0" tests="1" name="demopack.DemoClass" time="0.008" errors="0" timestamp="2022-05-11T22:57:57 IST" skipped="0">
  <testcase classname="demopack.DemoClass" name="test" time="0.008"/>
  <system-out/>
</testsuite> <!-- demopack.DemoClass -->
